<?xml version='1.0' encoding='utf-8'?>
<widget id="com.example.hello" version="1.0.0">
    <name>HelloWorld</name>
    <description>
        A sample Apache Cordova application that responds to the deviceready event.
    </description>
    <author email="developer@apache.cordova.com" href="http://cordova.io">
        Apache Cordova Team
    </author>
    <content src="index.html" />
    <access origin="*" />
    <a_number>666</a_number>
</widget>
